New session initialized at: Sunday, January 07, 2018 10:56:03 AM
Genera.	Popula.	Score		Time	Collectibles		FireTimes		FireCount	End		Active genes
 1		 1		   4		 0		0		2		3.70		3.54		 7		Lost		Go to Fire, GoForward, GoForCollectible, AvoidFire
 1		 2		   3		 0		1		2		7.88		6.36		18		Lost		Go to Fire, GoForward, GoForCollectible, AvoidFire
 2		 1		   7		 0		0		2		1.80		1.80		 5		Lost		Go to Fire, GoForward, GoForCollectible, AvoidFire
 2		 2		   0		 0		0		2		7.02		6.98		 8		Lost		Go to Fire, GoForward, GoForCollectible, AvoidFire
 3		 1		   7		 0		0		2		1.58		1.42		 4		Lost		Go to Fire, GoForward, GoForCollectible, AvoidFire
 3		 2		  -3		 0		0		1		4.66		3.18		10		Lost		Go to Fire, GoForward, GoForCollectible, AvoidFire
 4		 1		   0		 0		0		2		6.06		5.94		13		Lost		Go to Fire, GoForward, GoForCollectible, AvoidFire
 4		 2		   5		 0		0		2		2.94		2.72		 5		Lost		Go to Fire, GoForward, GoForCollectible, AvoidFire
 5		 1		   9		 0		0		2		0.08		0.04		 2		Lost		Go to Fire, GoForward, GoForCollectible, AvoidFire
 5		 2		   4		 0		0		2		3.96		3.96		 6		Lost		Go to Fire, GoForward, GoForCollectible, AvoidFire
 6		 1		  -2		 0		0		0		2.62		0.00		 8		Lost		Go to Fire, GoForward, GoForCollectible, AvoidFire
 6		 2		   0		 0		0		0		0.00		0.00		 0		Lost		Go to Fire, GoForward, GoForCollectible, AvoidFire
 7		 1		   1		 0		0		2		5.82		5.78		 9		Lost		Go to Fire, GoForward, GoForCollectible, AvoidFire
 7		 2		   1		 0		0		2		5.76		5.54		10		Lost		Go to Fire, GoForward, GoForCollectible, AvoidFire
 8		 1		   2		 0		0		1		0.00		0.00		 0		Lost		Go to Fire, GoForward, GoForCollectible, AvoidFire
 8		 2		   2		 0		0		1		0.00		0.00		 0		Lost		Go to Fire, GoForward, GoForCollectible, AvoidFire
 9		 1		   6		 0		0		2		2.34		1.76		 3		Lost		Go to Fire, GoForward, GoForCollectible, AvoidFire
 9		 2		  -9		 0		0		2		12.82		12.60		10		Lost		Go to Fire, GoForward, GoForCollectible, AvoidFire
10		 1		   2		 0		0		2		5.28		5.02		13		Lost		Go to Fire, GoForward, GoForCollectible, AvoidFire
10		 2		   3		 0		0		2		4.18		4.18		 6		Lost		Go to Fire, GoForward, GoForCollectible, AvoidFire
11		 1		   1		 0		2		0		13.42		9.82		13		Lost		Go to Fire, GoForward, GoForCollectible, AvoidFire
11		 2		   0		 0		0		0		0.00		0.00		 0		Lost		Go to Fire, GoForward, GoForCollectible, AvoidFire
12		 1		   0		 0		0		2		6.58		6.58		 9		Lost		Go to Fire, GoForward, GoForCollectible, AvoidFire
12		 2		   0		 0		0		2		6.50		5.04		19		Lost		Go to Fire, GoForward, GoForCollectible, AvoidFire
13		 1		  -6		 0		0		2		11.28		11.16		 9		Lost		Go to Fire, GoForward, GoForCollectible, AvoidFire
13		 2		   0		 0		0		0		0.00		0.00		 0		Lost		Go to Fire, GoForward, GoForCollectible, AvoidFire
14		 1		   1		 0		0		1		1.10		0.00		 1		Lost		Go to Fire, GoForward, GoForCollectible, AvoidFire
14		 2		   2		 0		0		1		0.00		0.00		 0		Lost		Go to Fire, GoForward, GoForCollectible, AvoidFire
15		 1		   6		 0		2		2		17.06		11.98		17		Lost		Go to Fire, GoForward, GoForCollectible, AvoidFire
15		 2		   9		 0		0		2		0.18		0.00		 1		Lost		Go to Fire, GoForward, GoForCollectible, AvoidFire
16		 1		   0		 0		0		0		0.00		0.00		 0		Lost		Go to Fire, GoForward, GoForCollectible, AvoidFire
16		 2		   0		 0		0		0		0.00		0.00		 0		Lost		Go to Fire, GoForward, GoForCollectible, AvoidFire
17		 1		  21		 0		2		2		6.14		5.06		10		Lost		Go to Fire, GoForward, GoForCollectible, AvoidFire
17		 2		   2		 0		0		2		5.36		5.20		 6		Lost		Go to Fire, GoForward, GoForCollectible, AvoidFire
18		 1		   1		 0		0		2		5.36		5.36		 8		Lost		Go to Fire, GoForward, GoForCollectible, AvoidFire
18		 2		   9		 0		0		2		0.32		0.32		 1		Lost		Go to Fire, GoForward, GoForCollectible, AvoidFire
19		 1		   1		 0		0		2		5.98		5.14		 8		Lost		Go to Fire, GoForward, GoForCollectible, AvoidFire
19		 2		   0		 0		0		2		6.58		6.58		15		Lost		Go to Fire, GoForward, GoForCollectible, AvoidFire
20		 1		   5		 0		0		2		3.22		3.22		 7		Lost		Go to Fire, GoForward, GoForCollectible, AvoidFire
20		 2		   2		 0		0		1		0.00		0.00		 0		Lost		Go to Fire, GoForward, GoForCollectible, AvoidFire
21		 1		   7		 0		0		2		1.94		1.76		 4		Lost		Go to Fire, GoForward, GoForCollectible, AvoidFire
21		 2		   0		 0		0		2		6.04		6.04		10		Lost		Go to Fire, GoForward, GoForCollectible, AvoidFire
22		 1		   0		 0		0		0		0.00		0.00		 0		Lost		Go to Fire, GoForward, GoForCollectible, AvoidFire
22		 2		  10		 0		0		2		0.00		0.00		 0		Lost		Go to Fire, GoForward, GoForCollectible, AvoidFire
23		 1		   3		 0		0		2		4.54		4.54		 6		Lost		Go to Fire, GoForward, GoForCollectible, AvoidFire
23		 2		  14		 0		2		2		10.66		10.18		14		Lost		Go to Fire, GoForward, GoForCollectible, AvoidFire
24		 1		   0		 0		0		0		0.00		0.00		 0		Lost		Go to Fire, GoForward, GoForCollectible, AvoidFire
24		 2		   0		 0		0		0		0.00		0.00		 0		Lost		Go to Fire, GoForward, GoForCollectible, AvoidFire
25		 1		   9		 0		2		2		13.92		12.28		14		Lost		Go to Fire, GoForward, GoForCollectible, AvoidFire
25		 2		  -4		 0		1		0		7.24		5.28		 7		Lost		Go to Fire, GoForward, GoForCollectible, AvoidFire
26		 1		   6		 0		0		2		2.58		2.50		 6		Lost		Go to Fire, GoForward, GoForCollectible, AvoidFire
26		 2		   1		 0		0		1		1.36		0.00		 1		Lost		Go to Fire, GoForward, GoForCollectible, AvoidFire
27		 1		  65		 0		4		0		10.40		8.44		10		Lost		Go to Fire, GoForward, GoForCollectible, AvoidFire
27		 2		 167		33		5		0		18.08		11.40		16		Victory!		Go to Fire, GoForward, GoForCollectible, AvoidFire
28		 1		   0		 0		0		2		6.80		6.16		13		Lost		Go to Fire, GoForward, GoForCollectible, AvoidFire
28		 2		   1		 0		0		2		5.70		5.70		10		Lost		Go to Fire, GoForward, GoForCollectible, AvoidFire
29		 1		  57		 0		4		1		17.84		15.10		19		Lost		Go to Fire, GoForward, GoForCollectible, AvoidFire
29		 2		  53		 0		4		1		19.94		18.90		16		Lost		Go to Fire, GoForward, GoForCollectible, AvoidFire
30		 1		   0		 0		0		0		0.00		0.00		 0		Lost		Go to Fire, GoForward, GoForCollectible, AvoidFire
30		 2		   0		 0		0		0		0.00		0.00		 0		Lost		Go to Fire, GoForward, GoForCollectible, AvoidFire
31		 1		  -9		 0		2		2		26.12		26.12		19		Lost		Go to Fire, GoForward, GoForCollectible, AvoidFire
31		 2		   0		 0		0		1		1.36		1.36		 1		Lost		Go to Fire, GoForward, GoForCollectible, AvoidFire
32		 1		   0		 0		0		0		0.00		0.00		 0		Lost		Go to Fire, GoForward, GoForCollectible, AvoidFire
32		 2		   0		 0		0		0		0.00		0.00		 0		Lost		Go to Fire, GoForward, GoForCollectible, AvoidFire
33		 1		  -4		 0		0		2		9.88		9.88		10		Lost		Go to Fire, GoForward, GoForCollectible, AvoidFire
33		 2		   0		 0		0		2		6.58		6.58		11		Lost		Go to Fire, GoForward, GoForCollectible, AvoidFire
34		 1		   3		 0		0		2		4.64		4.46		12		Lost		Go to Fire, GoForward, GoForCollectible, AvoidFire
34		 2		   4		 0		0		2		3.96		3.92		 9		Lost		Go to Fire, GoForward, GoForCollectible, AvoidFire
35		 1		   2		 0		0		1		0.22		0.00		 1		Lost		Go to Fire, GoForward, GoForCollectible, AvoidFire
35		 2		  -1		 0		0		2		7.94		7.70		 8		Lost		Go to Fire, GoForward, GoForCollectible, AvoidFire
36		 1		  -1		 0		0		2		7.60		7.46		 9		Lost		Go to Fire, GoForward, GoForCollectible, AvoidFire
36		 2		   0		 0		0		2		6.56		6.40		10		Lost		Go to Fire, GoForward, GoForCollectible, AvoidFire
37		 1		   0		 0		0		2		6.66		6.66		 9		Lost		Go to Fire, GoForward, GoForCollectible, AvoidFire
37		 2		   0		 0		0		1		2.32		2.16		 8		Lost		Go to Fire, GoForward, GoForCollectible, AvoidFire
38		 1		  10		 0		0		2		0.00		0.00		 0		Lost		Go to Fire, GoForward, GoForCollectible, AvoidFire
38		 2		   0		 0		0		0		0.00		0.00		 0		Lost		Go to Fire, GoForward, GoForCollectible, AvoidFire
39		 1		   4		 0		0		2		3.88		3.76		 7		Lost		Go to Fire, GoForward, GoForCollectible, AvoidFire
39		 2		  -6		 0		0		1		6.32		5.64		12		Lost		Go to Fire, GoForward, GoForCollectible, AvoidFire
40		 1		   0		 0		0		0		0.00		0.00		 0		Lost		Go to Fire, GoForward, GoForCollectible, AvoidFire
40		 2		   0		 0		0		0		0.00		0.00		 0		Lost		Go to Fire, GoForward, GoForCollectible, AvoidFire
41		 1		  10		 0		0		2		0.00		0.00		 0		Lost		Go to Fire, GoForward, GoForCollectible, AvoidFire
41		 2		   0		 0		0		1		1.62		1.52		 5		Lost		Go to Fire, GoForward, GoForCollectible, AvoidFire
42		 1		   4		 0		0		2		3.54		3.38		10		Lost		Go to Fire, GoForward, GoForCollectible, AvoidFire
42		 2		  -1		 0		0		2		7.50		7.50		10		Lost		Go to Fire, GoForward, GoForCollectible, AvoidFire
43		 1		  -1		 0		0		2		7.54		7.54		 6		Lost		Go to Fire, GoForward, GoForCollectible, AvoidFire
43		 2		   0		 0		0		0		0.00		0.00		 0		Lost		Go to Fire, GoForward, GoForCollectible, AvoidFire
44		 1		  -3		 0		0		2		9.20		9.16		20		Lost		Go to Fire, GoForward, GoForCollectible, AvoidFire
44		 2		   1		 0		0		1		0.78		0.78		 3		Lost		Go to Fire, GoForward, GoForCollectible, AvoidFire
45		 1		   0		 0		0		0		0.00		0.00		 0		Lost		Go to Fire, GoForward, GoForCollectible, AvoidFire
45		 2		 -20		 0		0		2		20.18		19.92		19		Lost		Go to Fire, GoForward, GoForCollectible, AvoidFire
46		 1		   2		 0		0		1		0.00		0.00		 0		Lost		Go to Fire, GoForward, GoForCollectible, AvoidFire
46		 2		   2		 0		0		1		0.00		0.00		 0		Lost		Go to Fire, GoForward, GoForCollectible, AvoidFire
47		 1		   0		 0		0		0		0.00		0.00		 0		Lost		Go to Fire, GoForward, GoForCollectible, AvoidFire
47		 2		  10		 0		2		1		9.96		4.92		17		Lost		Go to Fire, GoForward, GoForCollectible, AvoidFire
48		 1		   2		 0		0		1		0.00		0.00		 0		Lost		Go to Fire, GoForward, GoForCollectible, AvoidFire
48		 2		   2		 0		0		1		0.00		0.00		 0		Lost		Go to Fire, GoForward, GoForCollectible, AvoidFire
49		 1		   9		 0		0		2		0.42		0.42		 2		Lost		Go to Fire, GoForward, GoForCollectible, AvoidFire
49		 2		   0		 0		0		2		6.80		6.80		 9		Lost		Go to Fire, GoForward, GoForCollectible, AvoidFire
50		 1		   5		 0		0		2		3.22		3.04		 5		Lost		Go to Fire, GoForward, GoForCollectible, AvoidFire
50		 2		   4		 0		0		2		3.38		3.38		 4		Lost		Go to Fire, GoForward, GoForCollectible, AvoidFire
51		 1		   1		 0		0		2		5.54		5.40		 9		Lost		Go to Fire, GoForward, GoForCollectible, AvoidFire
51		 2		   9		 0		0		2		0.08		0.08		 1		Lost		Go to Fire, GoForward, GoForCollectible, AvoidFire
52		 1		  -8		 0		0		2		12.12		12.12		17		Lost		Go to Fire, GoForward, GoForCollectible, AvoidFire
52		 2		   2		 0		0		2		4.96		4.78		10		Lost		Go to Fire, GoForward, GoForCollectible, AvoidFire
53		 1		   1		 0		0		2		5.84		5.84		 7		Lost		Go to Fire, GoForward, GoForCollectible, AvoidFire
53		 2		   4		 0		0		2		4.00		3.82		 5		Lost		Go to Fire, GoForward, GoForCollectible, AvoidFire
54		 1		   0		 0		0		0		0.00		0.00		 0		Lost		Go to Fire, GoForward, GoForCollectible, AvoidFire
54		 2		   0		 0		0		0		0.00		0.00		 0		Lost		Go to Fire, GoForward, GoForCollectible, AvoidFire
55		 1		   8		 0		0		2		1.26		0.52		 2		Lost		Go to Fire, GoForward, GoForCollectible, AvoidFire
55		 2		   7		 0		0		2		2.02		1.24		 3		Lost		Go to Fire, GoForward, GoForCollectible, AvoidFire
56		 1		   0		 0		0		0		0.00		0.00		 0		Lost		Go to Fire, GoForward, GoForCollectible, AvoidFire
56		 2		   0		 0		0		0		0.00		0.00		 0		Lost		Go to Fire, GoForward, GoForCollectible, AvoidFire
57		 1		  55		 0		4		1		19.14		16.62		22		Lost		Go to Fire, GoForward, GoForCollectible, AvoidFire
57		 2		  -9		 0		2		2		26.28		26.28		20		Lost		Go to Fire, GoForward, GoForCollectible, AvoidFire
58		 1		  -1		 0		0		2		7.88		7.88		12		Lost		Go to Fire, GoForward, GoForCollectible, AvoidFire
58		 2		  -3		 0		0		2		9.10		9.10		16		Lost		Go to Fire, GoForward, GoForCollectible, AvoidFire
59		 1		   3		 0		2		2		17.58		17.58		15		Lost		Go to Fire, GoForward, GoForCollectible, AvoidFire
59		 2		  31		 0		3		0		9.98		7.60		 8		Lost		Go to Fire, GoForward, GoForCollectible, AvoidFire
60		 1		  -7		 0		0		1		6.78		6.58		11		Lost		Go to Fire, GoForward, GoForCollectible, AvoidFire
60		 2		  10		 0		2		2		13.06		13.06		14		Lost		Go to Fire, GoForward, GoForCollectible, AvoidFire
